sensibleorganizations				88		9208 9508 9738 
proceedingsofthethinternationalacmsigaccessconferenceoncomputersandaccessibility				102		117 5910 7526 
vibrotactilerenderingofhumanemotionsonthemanifoldoffacialexpressions				163		8041 
proceedingsofthethinternationalconferenceonmultimodalinterfaces				188		6029 9257 
recognitionoffacialexpressionsandmeasurementoflevelsofinterestfromvideo				220		1232 2833 
combininglocalandglobalmotionestimatorsforrobustfacetracking				234		2951 
eyedetectiontoassistdrowsydrivers				244		2993 
combiningautomatedonlinesegmentationandincrementalclusteringforwholebodymotions				254		3029 
anovelgazeestimationsystemwithonecalibrationpoint				265		3101 
roboticsandautomationieeeinternationalconferenceon				279		3115 
controlconferencecccchinese				290		3126 3535 
statisticalmodelsofappearanceforeyetrackingandeyeblinkdetectionandmeasurement				300		3172 
gaffe				314		3195 
accurateeyecenterlocationandtrackingusingisophotecurvature				329		3263 
controlautomationandsystemsiccasinternationalconferenceon				340		3299 3524 
siceannualconference				350		3319 
arobustapproachforeyelocalizationundervariableilluminations				360		3339 
gesturerecognition				372		3352 
imageprocessingicipieeeinternationalconferenceon				387		3367 
hmmbaseddeceptionrecognitionfromvisualcues				399		3379 
detectingemotionsanddangerousactionsforbetterhumansystemteamworking				410		3389 
afactorizationbasedapproachforarticulatednonrigidshapemotionandkinematicchainrecoveryfromvideo				421		3399 
deceptiondetectionthroughautomaticunobtrusiveanalysisofnonverbalbehavior				435		3435 
activityrecognitionfromaccelerometerdata				459		7727 
britishmachinevisionconference				475		2827 3559 4741 
colorandtexturefeaturesforpersonrecognition				492		2879 3609 
detectionofartificialstructuresinnaturalsceneimagesusingdynamictrees				503		2901 3631 
ultrasonicrangefinder				514		2912 
statisticalbackgroundmodelingfornonstationarycamera				519		2917 3647 
distributedsmartcamerasicdscsecondacmieeeinternationalconferenceon				532		2941 3670 3986 
abehaviouralapproachtopersonrecognition				542		2972 3690 
aggregateddynamicbackgroundmodeling				553		2982 
abayesiancomputervisionsystemformodelinghumaninteractions				565		3015 3723 
detectingfacesinimages				579		3041 4247 6499 7654 
robustrealtimeobjectdetection				594		3056 3752 5295 
anevaluationofthetightopticalintegrationtoialgorithmsensitivitytoinertialandcameraerrors				603		3065 
detectionandanalysisofhair				613		3149 3797 
demonstrationoftightopticalintegrationtoialgorithmusingfielddata				627		3210 3839 
clothingcosegmentationforrecognizingpeople				637		3231 
thepeoplesensor				648		3252 3871 4188 6421 7576 
imagechangedetectionalgorithms				659		3274 4756 
multimediasignalprocessingieeethworkshopon				674		3413 3930 3962 
computervisionandpatternrecognitioncvprieeeconferenceon				733		3829 3997 4874 7777 
asurveyofaffectrecognitionmethods				911		9383 
automaticfacegesturerecognitionfgthieeeinternationalconferenceon				944		4142 
capturingsubtlefacialmotionsindfacetracking				994		1283 
haarfeaturesforfacsaurecognition				1307		1466 
spontaneousemotionalfacialexpressiondetection				1326		1400 
auicproceedingsofthefifthconferenceonaustralasianuserinterface				1486		4200 6442 7597 
ubicompubiquitouscomputing				1519		8788 
aninstrumentationsolutionforreducingspatialdisorientationmishaps				1542		8526 
balanceprosthesesforposturalcontrol				1571		8424 
waypointnavigationwithavibrotactilewaistbelt				1585		8489 
proceedingsofthethannualsoutheastregionalconferenceonxx				1702		8136 
worldhapticsconference				1736		4320 
chiextendedabstractsonhumanfactorsincomputingsystemslookingtothefuture				1773		1789 1805 
chiextendedabstractsonhumanfactorsincomputingsystems				1837		1853 1868 1884 1900 1944 1990 2018 2077 2093 2143 2190 
chiextendedabstractsonhumanfactorsincomputingsystems				1868		1900 1990 2018 2077 2093 2143 2190 
chiextendedabstractsonhumanfactorsincomputingsystems				1990		2077 2093 2143 2190 
chiextendedabstractsonhumanfactorsincomputingsystems				2093		2143 2190 
automaticfaceandgesturerecognitionproceedingsfifthieeeinternationalconferenceon				2858		3502 3589 
astudyoffacerecognitionaspeopleage				3004		3711 
humanbodyshapeimagingforjapanesekimonodesign				3075		3771 
gaitcomponentsandtheirapplicationtogenderrecognition				3087		3783 
computervisionandpatternrecognitionworkshopconferenceon				3163		3186 3820 
bodypartsegmentationofnoisyhumansilhouetteimages				3242		3861 
motionandvideocomputingproceedingsworkshopon				3289		3491 3897 
micromechatronicsandhumansciencemhsproceedingsofinternationalsymposiumon				3329		3513 
genderrecognitionbasedonlocalbodymotions				3449		3951 
britishmachinevisionconference				3559		4741 
robustrealtimeobjectdetection				3752		5295 
thepeoplesensor				3871		4188 6421 7576 
multimediasignalprocessingieeethworkshopon				3930		3962 
acousticsspeechandsignalprocessingicasspieeeinternationalconferenceon				3973		5622 5708 7415 
computervisionandpatternrecognitioncvprieeeconferenceon				3997		4874 7777 
proceedingsofthethinternationalconferenceonhumancomputerinteractionwithmobiledevicesandservices				4153		6545 
eurohapticsconferenceandsymposiumonhapticinterfacesforvirtualenvironmentandteleoperatorsystemsworldhapticsfirstjoint				4168		6560 7715 
thehiddendimension				4179		5204 6483 
detectingfacesinimages				4247		6499 7654 
theferetevaluationmethodologyforfacerecognitionalgorithms				4270		6359 7609 
agentletutorialontheemalgorithmanditsapplicationtoparameterestimationforgaussianmixtureandhiddenmarkovmodels				4284		6402 7557 
markovrandomfieldsandimages				4294		6412 
ananthropologicalmodelforautomaticrecognitionofthemalehumanface				4303		6377 7588 
textureclassificationusingnonparametricmarkovrandomfields				4312		5147 6394 
adventuresintactileliteracy				4336		6515 8349 
poorsocialskillsareavulnerabilityfactorinthedevelopmentofpsychosocialproblems				4357		4645 5414 7295 
assessmentofbasicsocialskills				4407		5390 
advancesinpersonalrelationships				4417		5403 
acognitiveapproachtoreducingstereotypicbodyrocking				4448		7149 
increasingsocialskillstrainingforvisuallyimpairedchildren				4474		7126 
controlofbodyrockingintheblindthroughtheuseofvigorousexercise				4483		7044 
selfmonitoringandverbalfeedbacktoreducestereotypicbodyrockinginacongenitallyblindadult				4492		5256 7028 
blindisms				4507		7017 
movermentdisorders				4517		5324 7191 
stereotypedmovementdisorderinanadultfollowingacquiredbraininjury				4529		7078 
reducingstereotypicbehaviorthroughdiscriminationtrainingdifferentialreinforcementofotherbehaviorandselfmonitoring				4546		7097 
theimpactofdevelopmentalfactorsonstereotypicrockingofchildrenwithvisualimpairments				4562		7238 
thedevelopmentofrockingamongchildrenwhoareblind				4577		7278 
repetitiveverbalbehaviorinsevereaphasia				4593		5361 7176 
behaviorproblemsofdeafchildrenandadolescents				4608		5376 7264 
ataxonomyformannerismsofblindchildren				4633		6974 
generalizationandmaintenanceofsocialskillsofchildrenwithvisualimpairmentsselfevaluationandtheroleoffeedback				4656		5878 7255 
implementationofarealtimehumanmovementclassifierusingatriaxialaccelerometerforambulatorymonitoring				4665		7064 
lonelinesspeeracceptanceandfamilyfunctioningofchinesechildrenwithlearningdisabilities				4679		5449 7135 
appliedbehavioranalysisintheclassroom				4693		7218 
socialinteractionandrepetitivemotorbehaviors				4703		6999 
modificationofheaddroopduringconversationinayearoldvisuallyimpairedchild				4719		6987 
somatosensoryhomunculusasdrawnbymeg				4969		8011 
socialintelligenceinthenormalandautisticbrain				5083		5281 
nonverbalcommunicationinhumaninteraction				5116		8238 9069 
proceedingsofthethinternationalconferenceextendedabstractsonhumanfactorsincomputingsystems				5213		5895 
thedevelopmentofsocialskillsbyblindandvisuallyimpairedstudents				5246		5801 
hapticaudiovisualenvironmentsandgameshaveieeeinternationalworkshopon				5271		5849 
workshoponcomputervisionapplicationsforthevisuallyimpairedcvavieuropeanconferenceoncomputervisioneccv				5304		8199 
enhancingthesocialinteractionskillsofpreschoolerswithvisualimpairments				5336		5776 
generalizationandmaintenanceofsocialskillsofchildrenwithvisualimpairments				5463		5762 8216 
modificationofstereotypicrockingofablindadult				5479		7115 
anintroductiontorocanalysis				5489		7499 
atutorialonhiddenmarkovmodelsandselectedapplicationsinspeechrecognition				5502		7338 
activityrecognitionfromuserannotatedaccelerationdata				5530		7382 
secondinternationalconferenceproceedingspervasivecomputing				5537		7405 
inductionoffuzzydecisiontrees				5547		7427 
activityandlocationrecognitionusingwearablesensors				5559		7512 
gmladaboostmatlabtoolbox				5573		7396 
modestadaboostteachingadaboosttogeneralizebetter				5582		7389 
thevalidationofanovelactivitymonitorinthemeasurementofpostureandmotionduringeverydayactivities				5589		7453 
detectionofpostureandmotionbyaccelerometryavalidationinamulatorymonitoring				5603		7329 
anintroductiontosupportvectormachinesandotherkernelbasedlearningmethods				5612		7489 
drmdesignerreferencemanual				5673		7480 
openingtheboxofaboxplot				5682		7366 
acousticsspeechandsignalprocessingicasspieeeinternationalconferenceon				5708		7415 
usingselfevaluationprocedurestomaintainsocialskillsinachildwhoisblind				5750		7228 
ablindpersonsinteractionswithtechnology				5823		8164 
apragmaticapproachtothedesignandimplementationofavibrotactilebeltanditsapplications				5869		8256 
proceedingsofthethinternationalacmsigaccessconferenceoncomputersandaccessibility				5910		7526 
thinslicesofexpressivebehavioraspredictorsofinterpersonalconsequences				5936		8185 8825 
onintelligence				6057		6266 
socialinhibitioninimmersivevirtualenvironments				6130		6252 
acmsiggraphresearchposters				6166		6276 
usingthefeedbackbanddevicetocontrolrockingbehavior				6291		7307 
combinationofevidenceindempstershafertheory				6387		7542 
				6817		6828 6840 6851 6862 6873 6883 6890 6915 6952 
				6840		6862 6883 6915 
				6883		6915 
affectivecomputing				8248		8905 
sociometryexperimentalmethodandthescienceofsociety				9009		9588 
communicationduringtraumaresuscitation				9229		9557 
videorecordingasameansofevaluatingneonatalresuscitationperformance				9472		9541 
sensibleorganizations				9508		9738 
expandingtheboundariesofecollaboration				9657		9784 
